Type: BM
Size: 798714
Reserved 1: 0
Reserved 2: 0
Offset: 54
DIB Header Size: 40
Width: 539
Height: 4294966803
Colour Planes: 1
Bits per Pixel: 24
Compression Method: 0
Raw Image Size: 0
Horizontal Resolution: 8189
Vertical Resolution: 8189
Number of Colours: 0
Important Colours: 0
The following header for mustang.bmp is 
b'BM\xfa/\x0c\x00\x00\x00\x00\x006\x00\x00\x00(\x00\x00\x00\x1b\x02\x00\x00\x13\xfe\xff\xff\x01\x00\x18\x00\x00\x00\x00\x00\x00\x00\x00\x00\xfd\x1f\x00\x00\xfd\x1f\x00\x00\x00\x00\x00\x00\x00\x00\x00\x00\xff\xff\xff\xff'

start
b'424dfa2f0c000000000036000000280000001b02000013feffff010018000000000000000000fd1f0000fd1f00000000000000000000ffffffff'
